生成启动时间为 2016/6/5 星期日 20:55:03。
     1>项目“C:\Users\asus\Desktop\数据仓库与数据挖掘\k medoids\k-medoids\k-medoids\k-medoids.vcxproj”在节点 2 上(Rebuild 个目标)。
     1>ClCompile:
         D:\Program Files (x86)\Microsoft Visual Studio 12.0\VC\bin\CL.exe /c /ZI /nologo /W3 /WX- /sdl /Od /Oy- /D WIN32 /D _DEBUG /D _CONSOLE /D _LIB /D _UNICODE /D UNICODE /Gm /EHsc /RTC1 /MDd /GS /fp:precise /Zc:wchar_t /Zc:forScope /Yc"stdafx.h" /Fp"Debug\k-medoids.pch" /Fo"Debug\\" /Fd"Debug\vc120.pdb" /Gd /TP /analyze- /errorReport:prompt stdafx.cpp
         stdafx.cpp
         D:\Program Files (x86)\Microsoft Visual Studio 12.0\VC\bin\CL.exe /c /ZI /nologo /W3 /WX- /sdl /Od /Oy- /D WIN32 /D _DEBUG /D _CONSOLE /D _LIB /D _UNICODE /D UNICODE /Gm /EHsc /RTC1 /MDd /GS /fp:precise /Zc:wchar_t /Zc:forScope /Yu"stdafx.h" /Fp"Debug\k-medoids.pch" /Fo"Debug\\" /Fd"Debug\vc120.pdb" /Gd /TP /analyze- /errorReport:prompt ..\..\Project1\Project1\medoids.cpp "k-medoids.cpp"
         k-medoids.cpp
         medoids.cpp
     1>c:\users\asus\desktop\数据仓库与数据挖掘\k medoids\project1\project1\medoids.cpp(1): warning C4627: “#include <fstream>”:  在查找预编译头使用时跳过
                 将指令添加到“stdafx.h”或重新生成预编译头
     1>c:\users\asus\desktop\数据仓库与数据挖掘\k medoids\project1\project1\medoids.cpp(2): warning C4627: “#include <cmath>”:  在查找预编译头使用时跳过
                 将指令添加到“stdafx.h”或重新生成预编译头
     1>c:\users\asus\desktop\数据仓库与数据挖掘\k medoids\project1\project1\medoids.cpp(3): warning C4627: “#include "medoids.h"”:  在查找预编译头使用时跳过
                 将指令添加到“stdafx.h”或重新生成预编译头
     1>c:\users\asus\desktop\数据仓库与数据挖掘\k medoids\project1\project1\medoids.cpp(7): error C2653: “medoids”: 不是类或命名空间名称
     1>c:\users\asus\desktop\数据仓库与数据挖掘\k medoids\project1\project1\medoids.cpp(7): error C2065: “string”: 未声明的标识符
     1>c:\users\asus\desktop\数据仓库与数据挖掘\k medoids\project1\project1\medoids.cpp(7): error C2146: 语法错误: 缺少“)”(在标识符“fileName”的前面)
     1>c:\users\asus\desktop\数据仓库与数据挖掘\k medoids\project1\project1\medoids.cpp(7): error C2182: “initial”: 非法使用“void”类型
     1>c:\users\asus\desktop\数据仓库与数据挖掘\k medoids\project1\project1\medoids.cpp(7): error C2059: 语法错误:“)”
     1>c:\users\asus\desktop\数据仓库与数据挖掘\k medoids\project1\project1\medoids.cpp(8): error C2143: 语法错误 : 缺少“;”(在“{”的前面)
     1>c:\users\asus\desktop\数据仓库与数据挖掘\k medoids\project1\project1\medoids.cpp(8): error C2447: “{”: 缺少函数标题(是否是老式的形式表?)
     1>c:\users\asus\desktop\数据仓库与数据挖掘\k medoids\project1\project1\medoids.cpp(20): error C2653: “medoids”: 不是类或命名空间名称
     1>c:\users\asus\desktop\数据仓库与数据挖掘\k medoids\project1\project1\medoids.cpp(20): error C2065: “string”: 未声明的标识符
     1>c:\users\asus\desktop\数据仓库与数据挖掘\k medoids\project1\project1\medoids.cpp(20): error C2146: 语法错误: 缺少“)”(在标识符“file”的前面)
     1>c:\users\asus\desktop\数据仓库与数据挖掘\k medoids\project1\project1\medoids.cpp(20): error C2182: “getData”: 非法使用“void”类型
     1>c:\users\asus\desktop\数据仓库与数据挖掘\k medoids\project1\project1\medoids.cpp(20): error C2059: 语法错误:“)”
     1>c:\users\asus\desktop\数据仓库与数据挖掘\k medoids\project1\project1\medoids.cpp(21): error C2143: 语法错误 : 缺少“;”(在“{”的前面)
     1>c:\users\asus\desktop\数据仓库与数据挖掘\k medoids\project1\project1\medoids.cpp(21): error C2447: “{”: 缺少函数标题(是否是老式的形式表?)
     1>c:\users\asus\desktop\数据仓库与数据挖掘\k medoids\project1\project1\medoids.cpp(39): error C2653: “medoids”: 不是类或命名空间名称
     1>c:\users\asus\desktop\数据仓库与数据挖掘\k medoids\project1\project1\medoids.cpp(41): error C2065: “cluster”: 未声明的标识符
     1>c:\users\asus\desktop\数据仓库与数据挖掘\k medoids\project1\project1\medoids.cpp(41): error C2228: “.clear”的左边必须有类/结构/联合
                 类型是“unknown-type”
     1>c:\users\asus\desktop\数据仓库与数据挖掘\k medoids\project1\project1\medoids.cpp(42): error C2065: “cluster”: 未声明的标识符
     1>c:\users\asus\desktop\数据仓库与数据挖掘\k medoids\project1\project1\medoids.cpp(42): error C2228: “.resize”的左边必须有类/结构/联合
                 类型是“unknown-type”
     1>c:\users\asus\desktop\数据仓库与数据挖掘\k medoids\project1\project1\medoids.cpp(42): error C2065: “clusterNum”: 未声明的标识符
     1>c:\users\asus\desktop\数据仓库与数据挖掘\k medoids\project1\project1\medoids.cpp(43): error C2065: “cluster”: 未声明的标识符
     1>c:\users\asus\desktop\数据仓库与数据挖掘\k medoids\project1\project1\medoids.cpp(43): error C2228: “.size”的左边必须有类/结构/联合
                 类型是“unknown-type”
     1>c:\users\asus\desktop\数据仓库与数据挖掘\k medoids\project1\project1\medoids.cpp(44): error C2065: “data”: 未声明的标识符
     1>c:\users\asus\desktop\数据仓库与数据挖掘\k medoids\project1\project1\medoids.cpp(44): error C2228: “.size”的左边必须有类/结构/联合
                 类型是“unknown-type”
     1>c:\users\asus\desktop\数据仓库与数据挖掘\k medoids\project1\project1\medoids.cpp(46): error C2065: “data”: 未声明的标识符
     1>c:\users\asus\desktop\数据仓库与数据挖掘\k medoids\project1\project1\medoids.cpp(46): error C3861: “closet”:  找不到标识符
     1>c:\users\asus\desktop\数据仓库与数据挖掘\k medoids\project1\project1\medoids.cpp(47): error C2065: “cluster”: 未声明的标识符
     1>c:\users\asus\desktop\数据仓库与数据挖掘\k medoids\project1\project1\medoids.cpp(47): error C2228: “.insert”的左边必须有类/结构/联合
     1>c:\users\asus\desktop\数据仓库与数据挖掘\k medoids\project1\project1\medoids.cpp(47): error C2065: “data”: 未声明的标识符
     1>c:\users\asus\desktop\数据仓库与数据挖掘\k medoids\project1\project1\medoids.cpp(51): error C2653: “medoids”: 不是类或命名空间名称
     1>c:\users\asus\desktop\数据仓库与数据挖掘\k medoids\project1\project1\medoids.cpp(55): error C2065: “center”: 未声明的标识符
     1>c:\users\asus\desktop\数据仓库与数据挖掘\k medoids\project1\project1\medoids.cpp(55): error C2228: “.size”的左边必须有类/结构/联合
                 类型是“unknown-type”
     1>c:\users\asus\desktop\数据仓库与数据挖掘\k medoids\project1\project1\medoids.cpp(56): error C2065: “center”: 未声明的标识符
     1>c:\users\asus\desktop\数据仓库与数据挖掘\k medoids\project1\project1\medoids.cpp(56): error C3861: “fabs”:  找不到标识符
     1>c:\users\asus\desktop\数据仓库与数据挖掘\k medoids\project1\project1\medoids.cpp(58): error C2065: “center”: 未声明的标识符
     1>c:\users\asus\desktop\数据仓库与数据挖掘\k medoids\project1\project1\medoids.cpp(58): error C3861: “fabs”:  找不到标识符
     1>c:\users\asus\desktop\数据仓库与数据挖掘\k medoids\project1\project1\medoids.cpp(64): error C2653: “medoids”: 不是类或命名空间名称
     1>c:\users\asus\desktop\数据仓库与数据挖掘\k medoids\project1\project1\medoids.cpp(67): error C2065: “cluster”: 未声明的标识符
     1>c:\users\asus\desktop\数据仓库与数据挖掘\k medoids\project1\project1\medoids.cpp(67): error C2228: “.size”的左边必须有类/结构/联合
                 类型是“unknown-type”
     1>c:\users\asus\desktop\数据仓库与数据挖掘\k medoids\project1\project1\medoids.cpp(69): error C2065: “cluster”: 未声明的标识符
     1>c:\users\asus\desktop\数据仓库与数据挖掘\k medoids\project1\project1\medoids.cpp(69): error C3861: “calCost”:  找不到标识符
     1>c:\users\asus\desktop\数据仓库与数据挖掘\k medoids\project1\project1\medoids.cpp(70): error C2065: “center”: 未声明的标识符
     1>c:\users\asus\desktop\数据仓库与数据挖掘\k medoids\project1\project1\medoids.cpp(72): error C2065: “center”: 未声明的标识符
     1>c:\users\asus\desktop\数据仓库与数据挖掘\k medoids\project1\project1\medoids.cpp(79): error C2653: “medoids”: 不是类或命名空间名称
     1>c:\users\asus\desktop\数据仓库与数据挖掘\k medoids\project1\project1\medoids.cpp(79): error C2065: “set”: 未声明的标识符
     1>c:\users\asus\desktop\数据仓库与数据挖掘\k medoids\project1\project1\medoids.cpp(79): error C2062: 意外的类型“double”
     1>c:\users\asus\desktop\数据仓库与数据挖掘\k medoids\project1\project1\medoids.cpp(80): error C2143: 语法错误 : 缺少“;”(在“{”的前面)
     1>c:\users\asus\desktop\数据仓库与数据挖掘\k medoids\project1\project1\medoids.cpp(80): error C2447: “{”: 缺少函数标题(是否是老式的形式表?)
     1>c:\users\asus\desktop\数据仓库与数据挖掘\k medoids\project1\project1\medoids.cpp(106): error C2653: “medoids”: 不是类或命名空间名称
     1>c:\users\asus\desktop\数据仓库与数据挖掘\k medoids\project1\project1\medoids.cpp(108): error C2065: “ofstream”: 未声明的标识符
     1>c:\users\asus\desktop\数据仓库与数据挖掘\k medoids\project1\project1\medoids.cpp(108): error C2146: 语法错误: 缺少“;”(在标识符“cout”的前面)
     1>c:\users\asus\desktop\数据仓库与数据挖掘\k medoids\project1\project1\medoids.cpp(108): error C2653: “ios”: 不是类或命名空间名称
     1>c:\users\asus\desktop\数据仓库与数据挖掘\k medoids\project1\project1\medoids.cpp(108): error C2065: “out”: 未声明的标识符
     1>c:\users\asus\desktop\数据仓库与数据挖掘\k medoids\project1\project1\medoids.cpp(108): error C3861: “cout”:  找不到标识符
     1>c:\users\asus\desktop\数据仓库与数据挖掘\k medoids\project1\project1\medoids.cpp(109): error C2065: “set”: 未声明的标识符
     1>c:\users\asus\desktop\数据仓库与数据挖掘\k medoids\project1\project1\medoids.cpp(109): error C2062: 意外的类型“double”
     1>c:\users\asus\desktop\数据仓库与数据挖掘\k medoids\project1\project1\medoids.cpp(109): error C2039: “iterator”: 不是“`global namespace'”的成员
     1>c:\users\asus\desktop\数据仓库与数据挖掘\k medoids\project1\project1\medoids.cpp(110): error C2065: “clusterNum”: 未声明的标识符
     1>c:\users\asus\desktop\数据仓库与数据挖掘\k medoids\project1\project1\medoids.cpp(112): error C2065: “cout”: 未声明的标识符
     1>c:\users\asus\desktop\数据仓库与数据挖掘\k medoids\project1\project1\medoids.cpp(112): error C2065: “endl”: 未声明的标识符
     1>c:\users\asus\desktop\数据仓库与数据挖掘\k medoids\project1\project1\medoids.cpp(113): error C2065: “cout”: 未声明的标识符
     1>c:\users\asus\desktop\数据仓库与数据挖掘\k medoids\project1\project1\medoids.cpp(113): error C2065: “center”: 未声明的标识符
     1>c:\users\asus\desktop\数据仓库与数据挖掘\k medoids\project1\project1\medoids.cpp(113): error C2065: “endl”: 未声明的标识符
     1>c:\users\asus\desktop\数据仓库与数据挖掘\k medoids\project1\project1\medoids.cpp(114): error C2065: “ite”: 未声明的标识符
     1>c:\users\asus\desktop\数据仓库与数据挖掘\k medoids\project1\project1\medoids.cpp(114): error C2065: “cluster”: 未声明的标识符
     1>c:\users\asus\desktop\数据仓库与数据挖掘\k medoids\project1\project1\medoids.cpp(114): error C2228: “.begin”的左边必须有类/结构/联合
     1>c:\users\asus\desktop\数据仓库与数据挖掘\k medoids\project1\project1\medoids.cpp(115): error C2065: “ite”: 未声明的标识符
     1>c:\users\asus\desktop\数据仓库与数据挖掘\k medoids\project1\project1\medoids.cpp(115): error C2065: “cluster”: 未声明的标识符
     1>c:\users\asus\desktop\数据仓库与数据挖掘\k medoids\project1\project1\medoids.cpp(115): error C2228: “.end”的左边必须有类/结构/联合
     1>c:\users\asus\desktop\数据仓库与数据挖掘\k medoids\project1\project1\medoids.cpp(115): fatal error C1903: 无法从以前的错误中恢复；正在停止编译
         正在生成代码...
     1>已完成生成项目“C:\Users\asus\Desktop\数据仓库与数据挖掘\k medoids\k-medoids\k-medoids\k-medoids.vcxproj”(Rebuild 个目标)的操作 - 失败。

生成失败。

已用时间 00:00:00.40
